<?xml version="1.0" encoding="UTF-8"?>
<!-- Generated by org.testng.reporters.JUnitReportReporter -->
<testsuite skipped="0" hostname="DESKTOP-HJFUPPQ" name="testcases.TC001" tests="1" failures="0" timestamp="04 jul 2018 06:03:10 GMT" time="13.447" errors="0">
  <testcase name="abc" time="13.447" classname="testcases.TC001"/>
</testsuite> <!-- testcases.TC001 -->
