<?xml version="1.0" encoding="UTF-8"?>
<!-- Generated by org.testng.reporters.JUnitReportReporter -->
<testsuite skipped="0" hostname="DESKTOP-HJFUPPQ" name="testcases.TC003" tests="1" failures="0" timestamp="04 jul 2018 06:03:10 GMT" time="10.392" errors="0">
  <testcase name="abc" time="10.392" classname="testcases.TC003"/>
</testsuite> <!-- testcases.TC003 -->
