<?xml version="1.0" encoding="UTF-8"?>
<!-- Generated by org.testng.reporters.JUnitReportReporter -->
<testsuite skipped="0" hostname="DESKTOP-HJFUPPQ" name="testcases.TC001" tests="1" failures="0" timestamp="04 jul 2018 05:30:42 GMT" time="12.386" errors="0">
  <testcase name="abc" time="12.386" classname="testcases.TC001"/>
</testsuite> <!-- testcases.TC001 -->
